<?xml version="1.0" encoding="UTF-8"?>
<coverage generated="1774459457838" clover="3.2.0">
  <project timestamp="1774459457838" name="All files">
    <metrics statements="132" coveredstatements="116" conditionals="92" coveredconditionals="75" methods="68" coveredmethods="57" elements="292" coveredelements="248" complexity="0" loc="132" ncloc="132" packages="1" files="19" classes="19"/>
    <file name="auth.ts" path="C:\platforms\htdocs\staging\mobile\lib\api\auth.ts">
      <metrics statements="11" coveredstatements="6" conditionals="6" coveredconditionals="6" methods="7" coveredmethods="2"/>
      <line num="75" count="0" type="stmt"/>
      <line num="84" count="0" type="stmt"/>
      <line num="89" count="0" type="stmt"/>
      <line num="94" count="0" type="stmt"/>
      <line num="99" count="0" type="stmt"/>
      <line num="107" count="4" type="cond" truecount="2" falsecount="0"/>
      <line num="108" count="4" type="cond" truecount="2" falsecount="0"/>
      <line num="109" count="2" type="stmt"/>
      <line num="111" count="2" type="stmt"/>
      <line num="116" count="4" type="stmt"/>
      <line num="117" count="4" type="cond" truecount="2" falsecount="0"/>
    </file>
    <file name="blog.ts" path="C:\platforms\htdocs\staging\mobile\lib\api\blog.ts">
      <metrics statements="2" coveredstatements="2" conditionals="4" coveredconditionals="4" methods="2" coveredmethods="2"/>
      <line num="45" count="6" type="stmt"/>
      <line num="56" count="1" type="stmt"/>
    </file>
    <file name="chat.ts" path="C:\platforms\htdocs\staging\mobile\lib\api\chat.ts">
      <metrics statements="2" coveredstatements="2" conditionals="0" coveredconditionals="0" methods="2" coveredmethods="2"/>
      <line num="37" count="3" type="stmt"/>
      <line num="48" count="2" type="stmt"/>
    </file>
    <file name="endorsements.ts" path="C:\platforms\htdocs\staging\mobile\lib\api\endorsements.ts">
      <metrics statements="8" coveredstatements="8" conditionals="2" coveredconditionals="2" methods="6" coveredmethods="6"/>
      <line num="50" count="4" type="stmt"/>
      <line num="51" count="4" type="cond" truecount="2" falsecount="0"/>
      <line num="52" count="4" type="stmt"/>
      <line num="59" count="1" type="stmt"/>
      <line num="70" count="2" type="stmt"/>
      <line num="80" count="1" type="stmt"/>
      <line num="87" count="2" type="stmt"/>
      <line num="94" count="1" type="stmt"/>
    </file>
    <file name="events.ts" path="C:\platforms\htdocs\staging\mobile\lib\api\events.ts">
      <metrics statements="6" coveredstatements="6" conditionals="4" coveredconditionals="4" methods="4" coveredmethods="4"/>
      <line num="66" count="6" type="stmt"/>
      <line num="70" count="6" type="cond" truecount="2" falsecount="0"/>
      <line num="71" count="6" type="stmt"/>
      <line num="87" count="2" type="stmt"/>
      <line num="94" count="2" type="stmt"/>
      <line num="101" count="1" type="stmt"/>
    </file>
    <file name="exchanges.ts" path="C:\platforms\htdocs\staging\mobile\lib\api\exchanges.ts">
      <metrics statements="5" coveredstatements="5" conditionals="3" coveredconditionals="3" methods="5" coveredmethods="5"/>
      <line num="56" count="5" type="stmt"/>
      <line num="64" count="1" type="stmt"/>
      <line num="69" count="2" type="stmt"/>
      <line num="77" count="1" type="stmt"/>
      <line num="82" count="2" type="stmt"/>
    </file>
    <file name="federation.ts" path="C:\platforms\htdocs\staging\mobile\lib\api\federation.ts">
      <metrics statements="5" coveredstatements="5" conditionals="2" coveredconditionals="2" methods="3" coveredmethods="3"/>
      <line num="39" count="5" type="stmt"/>
      <line num="40" count="5" type="cond" truecount="2" falsecount="0"/>
      <line num="41" count="5" type="stmt"/>
      <line num="48" count="2" type="stmt"/>
      <line num="55" count="1" type="stmt"/>
    </file>
    <file name="feed.ts" path="C:\platforms\htdocs\staging\mobile\lib\api\feed.ts">
      <metrics statements="8" coveredstatements="5" conditionals="3" coveredconditionals="3" methods="5" coveredmethods="2"/>
      <line num="86" count="6" type="stmt"/>
      <line num="87" count="6" type="cond" truecount="2" falsecount="0"/>
      <line num="88" count="1" type="stmt"/>
      <line num="90" count="6" type="stmt"/>
      <line num="104" count="3" type="stmt"/>
      <line num="118" count="0" type="stmt"/>
      <line num="128" count="0" type="stmt"/>
      <line num="135" count="0" type="stmt"/>
    </file>
    <file name="gamification.ts" path="C:\platforms\htdocs\staging\mobile\lib\api\gamification.ts">
      <metrics statements="3" coveredstatements="3" conditionals="1" coveredconditionals="1" methods="3" coveredmethods="3"/>
      <line num="56" count="2" type="stmt"/>
      <line num="64" count="1" type="stmt"/>
      <line num="76" count="3" type="stmt"/>
    </file>
    <file name="goals.ts" path="C:\platforms\htdocs\staging\mobile\lib\api\goals.ts">
      <metrics statements="5" coveredstatements="5" conditionals="2" coveredconditionals="2" methods="3" coveredmethods="3"/>
      <line num="39" count="4" type="stmt"/>
      <line num="40" count="4" type="cond" truecount="2" falsecount="0"/>
      <line num="41" count="4" type="stmt"/>
      <line num="54" count="2" type="stmt"/>
      <line num="65" count="2" type="stmt"/>
    </file>
    <file name="groups.ts" path="C:\platforms\htdocs\staging\mobile\lib\api\groups.ts">
      <metrics statements="8" coveredstatements="8" conditionals="6" coveredconditionals="6" methods="4" coveredmethods="4"/>
      <line num="51" count="6" type="stmt"/>
      <line num="52" count="6" type="cond" truecount="2" falsecount="0"/>
      <line num="53" count="6" type="cond" truecount="2" falsecount="0"/>
      <line num="54" count="6" type="cond" truecount="2" falsecount="0"/>
      <line num="55" count="6" type="stmt"/>
      <line num="62" count="1" type="stmt"/>
      <line num="69" count="1" type="stmt"/>
      <line num="76" count="1" type="stmt"/>
    </file>
    <file name="members.ts" path="C:\platforms\htdocs\staging\mobile\lib\api\members.ts">
      <metrics statements="4" coveredstatements="4" conditionals="3" coveredconditionals="3" methods="2" coveredmethods="2"/>
      <line num="44" count="7" type="stmt"/>
      <line num="45" count="7" type="cond" truecount="2" falsecount="0"/>
      <line num="46" count="7" type="stmt"/>
      <line num="51" count="2" type="stmt"/>
    </file>
    <file name="messages.ts" path="C:\platforms\htdocs\staging\mobile\lib\api\messages.ts">
      <metrics statements="21" coveredstatements="13" conditionals="18" coveredconditionals="6" methods="6" coveredmethods="4"/>
      <line num="17" count="0" type="cond" truecount="0" falsecount="2"/>
      <line num="18" count="0" type="cond" truecount="0" falsecount="2"/>
      <line num="19" count="0" type="cond" truecount="0" falsecount="2"/>
      <line num="20" count="0" type="cond" truecount="0" falsecount="2"/>
      <line num="21" count="0" type="cond" truecount="0" falsecount="2"/>
      <line num="22" count="0" type="stmt"/>
      <line num="23" count="0" type="cond" truecount="0" falsecount="2"/>
      <line num="100" count="4" type="stmt"/>
      <line num="101" count="4" type="cond" truecount="2" falsecount="0"/>
      <line num="102" count="4" type="stmt"/>
      <line num="107" count="5" type="stmt"/>
      <line num="108" count="5" type="cond" truecount="2" falsecount="0"/>
      <line num="109" count="5" type="stmt"/>
      <line num="118" count="3" type="stmt"/>
      <line num="119" count="3" type="stmt"/>
      <line num="122" count="2" type="stmt"/>
      <line num="123" count="2" type="cond" truecount="2" falsecount="0"/>
      <line num="124" count="1" type="stmt"/>
      <line num="129" count="1" type="stmt"/>
      <line num="135" count="0" type="stmt"/>
      <line num="140" count="2" type="stmt"/>
    </file>
    <file name="notifications.ts" path="C:\platforms\htdocs\staging\mobile\lib\api\notifications.ts">
      <metrics statements="6" coveredstatements="6" conditionals="2" coveredconditionals="2" methods="4" coveredmethods="4"/>
      <line num="51" count="5" type="stmt"/>
      <line num="52" count="5" type="cond" truecount="2" falsecount="0"/>
      <line num="53" count="5" type="stmt"/>
      <line num="58" count="2" type="stmt"/>
      <line num="63" count="2" type="stmt"/>
      <line num="68" count="1" type="stmt"/>
    </file>
    <file name="organisations.ts" path="C:\platforms\htdocs\staging\mobile\lib\api\organisations.ts">
      <metrics statements="2" coveredstatements="2" conditionals="4" coveredconditionals="4" methods="2" coveredmethods="2"/>
      <line num="38" count="6" type="stmt"/>
      <line num="48" count="1" type="stmt"/>
    </file>
    <file name="profile.ts" path="C:\platforms\htdocs\staging\mobile\lib\api\profile.ts">
      <metrics statements="26" coveredstatements="26" conditionals="16" coveredconditionals="13" methods="4" coveredmethods="3"/>
      <line num="24" count="3" type="stmt"/>
      <line num="37" count="2" type="stmt"/>
      <line num="45" count="5" type="stmt"/>
      <line num="46" count="5" type="cond" truecount="1" falsecount="1"/>
      <line num="47" count="5" type="stmt"/>
      <line num="48" count="5" type="cond" truecount="1" falsecount="1"/>
      <line num="50" count="5" type="stmt"/>
      <line num="53" count="5" type="stmt"/>
      <line num="54" count="5" type="cond" truecount="1" falsecount="1"/>
      <line num="57" count="5" type="stmt"/>
      <line num="58" count="5" type="stmt"/>
      <line num="61" count="5" type="stmt"/>
      <line num="62" count="5" type="stmt"/>
      <line num="72" count="2" type="stmt"/>
      <line num="73" count="2" type="cond" truecount="4" falsecount="0"/>
      <line num="74" count="1" type="stmt"/>
      <line num="76" count="1" type="stmt"/>
      <line num="78" count="3" type="stmt"/>
      <line num="80" count="3" type="cond" truecount="2" falsecount="0"/>
      <line num="81" count="2" type="stmt"/>
      <line num="82" count="2" type="stmt"/>
      <line num="83" count="2" type="stmt"/>
      <line num="84" count="2" type="cond" truecount="2" falsecount="0"/>
      <line num="86" count="2" type="cond" truecount="2" falsecount="0"/>
      <line num="87" count="2" type="stmt"/>
      <line num="89" count="1" type="stmt"/>
    </file>
    <file name="search.ts" path="C:\platforms\htdocs\staging\mobile\lib\api\search.ts">
      <metrics statements="2" coveredstatements="2" conditionals="8" coveredconditionals="6" methods="1" coveredmethods="1"/>
      <line num="40" count="6" type="stmt"/>
      <line num="46" count="6" type="stmt"/>
    </file>
    <file name="volunteering.ts" path="C:\platforms\htdocs\staging\mobile\lib\api\volunteering.ts">
      <metrics statements="3" coveredstatements="3" conditionals="4" coveredconditionals="4" methods="3" coveredmethods="3"/>
      <line num="47" count="6" type="stmt"/>
      <line num="57" count="1" type="stmt"/>
      <line num="64" count="1" type="stmt"/>
    </file>
    <file name="wallet.ts" path="C:\platforms\htdocs\staging\mobile\lib\api\wallet.ts">
      <metrics statements="5" coveredstatements="5" conditionals="4" coveredconditionals="4" methods="2" coveredmethods="2"/>
      <line num="62" count="2" type="stmt"/>
      <line num="78" count="7" type="stmt"/>
      <line num="82" count="7" type="cond" truecount="2" falsecount="0"/>
      <line num="83" count="2" type="stmt"/>
      <line num="85" count="7" type="stmt"/>
    </file>
  </project>
</coverage>
