{"C:\\platforms\\htdocs\\staging\\mobile\\lib\\api\\auth.ts": {"path":"C:\\platforms\\htdocs\\staging\\mobile\\lib\\api\\auth.ts","statementMap":{"0":{"start":{"line":75,"column":2},"end":{"line":79,"column":5}},"1":{"start":{"line":84,"column":2},"end":{"line":84,"column":68}},"2":{"start":{"line":89,"column":2},"end":{"line":89,"column":44}},"3":{"start":{"line":94,"column":2},"end":{"line":94,"column":55}},"4":{"start":{"line":99,"column":2},"end":{"line":99,"column":85}},"5":{"start":{"line":107,"column":16},"end":{"line":107,"column":55}},"6":{"start":{"line":108,"column":2},"end":{"line":110,"column":3}},"7":{"start":{"line":109,"column":4},"end":{"line":109,"column":61}},"8":{"start":{"line":111,"column":2},"end":{"line":111,"column":15}},"9":{"start":{"line":116,"column":16},"end":{"line":116,"column":65}},"10":{"start":{"line":117,"column":2},"end":{"line":117,"column":55}}},"fnMap":{"0":{"name":"login","decl":{"start":{"line":74,"column":16},"end":{"line":74,"column":21}},"loc":{"start":{"line":74,"column":68},"end":{"line":80,"column":1}},"line":74},"1":{"name":"register","decl":{"start":{"line":83,"column":16},"end":{"line":83,"column":24}},"loc":{"start":{"line":83,"column":74},"end":{"line":85,"column":1}},"line":83},"2":{"name":"logout","decl":{"start":{"line":88,"column":16},"end":{"line":88,"column":22}},"loc":{"start":{"line":88,"column":40},"end":{"line":90,"column":1}},"line":88},"3":{"name":"getMe","decl":{"start":{"line":93,"column":16},"end":{"line":93,"column":21}},"loc":{"start":{"line":93,"column":49},"end":{"line":95,"column":1}},"line":93},"4":{"name":"refreshToken","decl":{"start":{"line":98,"column":16},"end":{"line":98,"column":28}},"loc":{"start":{"line":98,"column":67},"end":{"line":100,"column":1}},"line":98},"5":{"name":"extractToken","decl":{"start":{"line":106,"column":16},"end":{"line":106,"column":28}},"loc":{"start":{"line":106,"column":61},"end":{"line":112,"column":1}},"line":106},"6":{"name":"buildDisplayName","decl":{"start":{"line":115,"column":16},"end":{"line":115,"column":32}},"loc":{"start":{"line":115,"column":65},"end":{"line":118,"column":1}},"line":115}},"branchMap":{"0":{"loc":{"start":{"line":107,"column":16},"end":{"line":107,"column":55}},"type":"binary-expr","locations":[{"start":{"line":107,"column":16},"end":{"line":107,"column":37}},{"start":{"line":107,"column":41},"end":{"line":107,"column":55}}],"line":107},"1":{"loc":{"start":{"line":108,"column":2},"end":{"line":110,"column":3}},"type":"if","locations":[{"start":{"line":108,"column":2},"end":{"line":110,"column":3}},{"start":{},"end":{}}],"line":108},"2":{"loc":{"start":{"line":117,"column":9},"end":{"line":117,"column":54}},"type":"cond-expr","locations":[{"start":{"line":117,"column":28},"end":{"line":117,"column":43}},{"start":{"line":117,"column":46},"end":{"line":117,"column":54}}],"line":117}},"s":{"0":0,"1":0,"2":0,"3":0,"4":0,"5":4,"6":4,"7":2,"8":2,"9":4,"10":4},"f":{"0":0,"1":0,"2":0,"3":0,"4":0,"5":4,"6":4},"b":{"0":[4,2],"1":[2,2],"2":[3,1]},"_coverageSchema":"1a1c01bbd47fc00a2c39e90264f33305004495a9","hash":"021c085368328271f8a1fd3259f409070620c37e"}
,"C:\\platforms\\htdocs\\staging\\mobile\\lib\\api\\blog.ts": {"path":"C:\\platforms\\htdocs\\staging\\mobile\\lib\\api\\blog.ts","statementMap":{"0":{"start":{"line":45,"column":2},"end":{"line":48,"column":5}},"1":{"start":{"line":56,"column":2},"end":{"line":56,"column":63}}},"fnMap":{"0":{"name":"getBlogPosts","decl":{"start":{"line":41,"column":16},"end":{"line":41,"column":28}},"loc":{"start":{"line":44,"column":29},"end":{"line":49,"column":1}},"line":44},"1":{"name":"getBlogPost","decl":{"start":{"line":55,"column":16},"end":{"line":55,"column":27}},"loc":{"start":{"line":55,"column":71},"end":{"line":57,"column":1}},"line":55}},"branchMap":{"0":{"loc":{"start":{"line":46,"column":8},"end":{"line":46,"column":32}},"type":"cond-expr","locations":[{"start":{"line":46,"column":17},"end":{"line":46,"column":27}},{"start":{"line":46,"column":30},"end":{"line":46,"column":32}}],"line":46},"1":{"loc":{"start":{"line":47,"column":8},"end":{"line":47,"column":32}},"type":"cond-expr","locations":[{"start":{"line":47,"column":17},"end":{"line":47,"column":27}},{"start":{"line":47,"column":30},"end":{"line":47,"column":32}}],"line":47}},"s":{"0":6,"1":1},"f":{"0":6,"1":1},"b":{"0":[2,4],"1":[2,4]},"_coverageSchema":"1a1c01bbd47fc00a2c39e90264f33305004495a9","hash":"19b95cf5d2948784096541c144f92ff661610fb4"}
,"C:\\platforms\\htdocs\\staging\\mobile\\lib\\api\\chat.ts": {"path":"C:\\platforms\\htdocs\\staging\\mobile\\lib\\api\\chat.ts","statementMap":{"0":{"start":{"line":37,"column":2},"end":{"line":40,"column":5}},"1":{"start":{"line":48,"column":2},"end":{"line":48,"column":81}}},"fnMap":{"0":{"name":"sendChatMessage","decl":{"start":{"line":33,"column":16},"end":{"line":33,"column":31}},"loc":{"start":{"line":36,"column":25},"end":{"line":41,"column":1}},"line":36},"1":{"name":"getChatHistory","decl":{"start":{"line":47,"column":16},"end":{"line":47,"column":30}},"loc":{"start":{"line":47,"column":89},"end":{"line":49,"column":1}},"line":47}},"branchMap":{},"s":{"0":3,"1":2},"f":{"0":3,"1":2},"b":{},"_coverageSchema":"1a1c01bbd47fc00a2c39e90264f33305004495a9","hash":"1e1d679cf974a452981435c7c4519c51e89e2b3e"}
,"C:\\platforms\\htdocs\\staging\\mobile\\lib\\api\\endorsements.ts": {"path":"C:\\platforms\\htdocs\\staging\\mobile\\lib\\api\\endorsements.ts","statementMap":{"0":{"start":{"line":50,"column":41},"end":{"line":50,"column":43}},"1":{"start":{"line":51,"column":2},"end":{"line":51,"column":40}},"2":{"start":{"line":51,"column":14},"end":{"line":51,"column":40}},"3":{"start":{"line":52,"column":2},"end":{"line":52,"column":89}},"4":{"start":{"line":59,"column":2},"end":{"line":59,"column":66}},"5":{"start":{"line":70,"column":2},"end":{"line":73,"column":5}},"6":{"start":{"line":80,"column":2},"end":{"line":80,"column":85}},"7":{"start":{"line":87,"column":2},"end":{"line":87,"column":66}},"8":{"start":{"line":94,"column":2},"end":{"line":94,"column":56}}},"fnMap":{"0":{"name":"getUserEndorsements","decl":{"start":{"line":46,"column":16},"end":{"line":46,"column":35}},"loc":{"start":{"line":49,"column":33},"end":{"line":53,"column":1}},"line":49},"1":{"name":"getMySkills","decl":{"start":{"line":58,"column":16},"end":{"line":58,"column":27}},"loc":{"start":{"line":58,"column":59},"end":{"line":60,"column":1}},"line":58},"2":{"name":"endorseSkill","decl":{"start":{"line":65,"column":16},"end":{"line":65,"column":28}},"loc":{"start":{"line":69,"column":34},"end":{"line":74,"column":1}},"line":69},"3":{"name":"addSkill","decl":{"start":{"line":79,"column":16},"end":{"line":79,"column":24}},"loc":{"start":{"line":79,"column":70},"end":{"line":81,"column":1}},"line":79},"4":{"name":"removeSkill","decl":{"start":{"line":86,"column":16},"end":{"line":86,"column":27}},"loc":{"start":{"line":86,"column":60},"end":{"line":88,"column":1}},"line":86},"5":{"name":"getAvailableSkills","decl":{"start":{"line":93,"column":16},"end":{"line":93,"column":34}},"loc":{"start":{"line":93,"column":65},"end":{"line":95,"column":1}},"line":93}},"branchMap":{"0":{"loc":{"start":{"line":51,"column":2},"end":{"line":51,"column":40}},"type":"if","locations":[{"start":{"line":51,"column":2},"end":{"line":51,"column":40}},{"start":{},"end":{}}],"line":51}},"s":{"0":4,"1":4,"2":1,"3":4,"4":1,"5":2,"6":1,"7":2,"8":1},"f":{"0":4,"1":1,"2":2,"3":1,"4":2,"5":1},"b":{"0":[1,3]},"_coverageSchema":"1a1c01bbd47fc00a2c39e90264f33305004495a9","hash":"b756680a62f1750a2bd5aa77a47d7dfce7862c3c"}
,"C:\\platforms\\htdocs\\staging\\mobile\\lib\\api\\events.ts": {"path":"C:\\platforms\\htdocs\\staging\\mobile\\lib\\api\\events.ts","statementMap":{"0":{"start":{"line":66,"column":41},"end":{"line":69,"column":3}},"1":{"start":{"line":70,"column":2},"end":{"line":70,"column":40}},"2":{"start":{"line":70,"column":14},"end":{"line":70,"column":40}},"3":{"start":{"line":71,"column":2},"end":{"line":71,"column":61}},"4":{"start":{"line":87,"column":2},"end":{"line":87,"column":90}},"5":{"start":{"line":94,"column":2},"end":{"line":94,"column":62}},"6":{"start":{"line":101,"column":2},"end":{"line":101,"column":65}}},"fnMap":{"0":{"name":"getEvents","decl":{"start":{"line":61,"column":16},"end":{"line":61,"column":25}},"loc":{"start":{"line":65,"column":27},"end":{"line":72,"column":1}},"line":65},"1":{"name":"rsvpEvent","decl":{"start":{"line":83,"column":16},"end":{"line":83,"column":25}},"loc":{"start":{"line":86,"column":35},"end":{"line":88,"column":1}},"line":86},"2":{"name":"removeRsvp","decl":{"start":{"line":93,"column":16},"end":{"line":93,"column":26}},"loc":{"start":{"line":93,"column":59},"end":{"line":95,"column":1}},"line":93},"3":{"name":"getEvent","decl":{"start":{"line":100,"column":16},"end":{"line":100,"column":24}},"loc":{"start":{"line":100,"column":68},"end":{"line":102,"column":1}},"line":100}},"branchMap":{"0":{"loc":{"start":{"line":62,"column":2},"end":{"line":62,"column":48}},"type":"default-arg","locations":[{"start":{"line":62,"column":38},"end":{"line":62,"column":48}}],"line":62},"1":{"loc":{"start":{"line":64,"column":2},"end":{"line":64,"column":14}},"type":"default-arg","locations":[{"start":{"line":64,"column":12},"end":{"line":64,"column":14}}],"line":64},"2":{"loc":{"start":{"line":70,"column":2},"end":{"line":70,"column":40}},"type":"if","locations":[{"start":{"line":70,"column":2},"end":{"line":70,"column":40}},{"start":{},"end":{}}],"line":70}},"s":{"0":6,"1":6,"2":1,"3":6,"4":2,"5":2,"6":1},"f":{"0":6,"1":2,"2":2,"3":1},"b":{"0":[2],"1":[5],"2":[1,5]},"_coverageSchema":"1a1c01bbd47fc00a2c39e90264f33305004495a9","hash":"288eb9157b777bedf00097cba7a2944349d2ddf8"}
,"C:\\platforms\\htdocs\\staging\\mobile\\lib\\api\\exchanges.ts": {"path":"C:\\platforms\\htdocs\\staging\\mobile\\lib\\api\\exchanges.ts","statementMap":{"0":{"start":{"line":56,"column":2},"end":{"line":59,"column":5}},"1":{"start":{"line":64,"column":2},"end":{"line":64,"column":65}},"2":{"start":{"line":69,"column":2},"end":{"line":69,"column":69}},"3":{"start":{"line":77,"column":2},"end":{"line":77,"column":74}},"4":{"start":{"line":82,"column":2},"end":{"line":82,"column":54}}},"fnMap":{"0":{"name":"getExchanges","decl":{"start":{"line":52,"column":16},"end":{"line":52,"column":28}},"loc":{"start":{"line":55,"column":33},"end":{"line":60,"column":1}},"line":55},"1":{"name":"getExchange","decl":{"start":{"line":63,"column":16},"end":{"line":63,"column":27}},"loc":{"start":{"line":63,"column":69},"end":{"line":65,"column":1}},"line":63},"2":{"name":"createExchange","decl":{"start":{"line":68,"column":16},"end":{"line":68,"column":30}},"loc":{"start":{"line":68,"column":92},"end":{"line":70,"column":1}},"line":68},"3":{"name":"updateExchange","decl":{"start":{"line":73,"column":16},"end":{"line":73,"column":30}},"loc":{"start":{"line":76,"column":31},"end":{"line":78,"column":1}},"line":76},"4":{"name":"deleteExchange","decl":{"start":{"line":81,"column":16},"end":{"line":81,"column":30}},"loc":{"start":{"line":81,"column":58},"end":{"line":83,"column":1}},"line":81}},"branchMap":{"0":{"loc":{"start":{"line":53,"column":2},"end":{"line":53,"column":30}},"type":"default-arg","locations":[{"start":{"line":53,"column":26},"end":{"line":53,"column":30}}],"line":53},"1":{"loc":{"start":{"line":57,"column":8},"end":{"line":57,"column":32}},"type":"cond-expr","locations":[{"start":{"line":57,"column":17},"end":{"line":57,"column":27}},{"start":{"line":57,"column":30},"end":{"line":57,"column":32}}],"line":57}},"s":{"0":5,"1":1,"2":2,"3":1,"4":2},"f":{"0":5,"1":1,"2":2,"3":1,"4":2},"b":{"0":[2],"1":[2,3]},"_coverageSchema":"1a1c01bbd47fc00a2c39e90264f33305004495a9","hash":"c2b77c538033ac7594ab6aa11183d4111e6af418"}
,"C:\\platforms\\htdocs\\staging\\mobile\\lib\\api\\federation.ts": {"path":"C:\\platforms\\htdocs\\staging\\mobile\\lib\\api\\federation.ts","statementMap":{"0":{"start":{"line":39,"column":41},"end":{"line":39,"column":43}},"1":{"start":{"line":40,"column":2},"end":{"line":40,"column":40}},"2":{"start":{"line":40,"column":14},"end":{"line":40,"column":40}},"3":{"start":{"line":41,"column":2},"end":{"line":41,"column":78}},"4":{"start":{"line":48,"column":2},"end":{"line":48,"column":74}},"5":{"start":{"line":55,"column":2},"end":{"line":55,"column":83}}},"fnMap":{"0":{"name":"getFederationPartners","decl":{"start":{"line":38,"column":16},"end":{"line":38,"column":37}},"loc":{"start":{"line":38,"column":91},"end":{"line":42,"column":1}},"line":38},"1":{"name":"getFederationStats","decl":{"start":{"line":47,"column":16},"end":{"line":47,"column":34}},"loc":{"start":{"line":47,"column":73},"end":{"line":49,"column":1}},"line":47},"2":{"name":"getFederationPartner","decl":{"start":{"line":54,"column":16},"end":{"line":54,"column":36}},"loc":{"start":{"line":54,"column":85},"end":{"line":56,"column":1}},"line":54}},"branchMap":{"0":{"loc":{"start":{"line":40,"column":2},"end":{"line":40,"column":40}},"type":"if","locations":[{"start":{"line":40,"column":2},"end":{"line":40,"column":40}},{"start":{},"end":{}}],"line":40}},"s":{"0":5,"1":5,"2":1,"3":5,"4":2,"5":1},"f":{"0":5,"1":2,"2":1},"b":{"0":[1,4]},"_coverageSchema":"1a1c01bbd47fc00a2c39e90264f33305004495a9","hash":"fa4ed1cdb3a6322dcb05127ea141c9d5487306e5"}
,"C:\\platforms\\htdocs\\staging\\mobile\\lib\\api\\feed.ts": {"path":"C:\\platforms\\htdocs\\staging\\mobile\\lib\\api\\feed.ts","statementMap":{"0":{"start":{"line":86,"column":41},"end":{"line":86,"column":63}},"1":{"start":{"line":87,"column":2},"end":{"line":89,"column":3}},"2":{"start":{"line":88,"column":4},"end":{"line":88,"column":30}},"3":{"start":{"line":90,"column":2},"end":{"line":90,"column":57}},"4":{"start":{"line":104,"column":2},"end":{"line":107,"column":5}},"5":{"start":{"line":118,"column":2},"end":{"line":121,"column":5}},"6":{"start":{"line":128,"column":2},"end":{"line":128,"column":71}},"7":{"start":{"line":135,"column":2},"end":{"line":135,"column":102}}},"fnMap":{"0":{"name":"getFeed","decl":{"start":{"line":85,"column":16},"end":{"line":85,"column":23}},"loc":{"start":{"line":85,"column":81},"end":{"line":91,"column":1}},"line":85},"1":{"name":"toggleLike","decl":{"start":{"line":103,"column":16},"end":{"line":103,"column":26}},"loc":{"start":{"line":103,"column":96},"end":{"line":108,"column":1}},"line":103},"2":{"name":"toggleBookmark","decl":{"start":{"line":117,"column":16},"end":{"line":117,"column":30}},"loc":{"start":{"line":117,"column":104},"end":{"line":122,"column":1}},"line":117},"3":{"name":"getFeedPoll","decl":{"start":{"line":127,"column":16},"end":{"line":127,"column":27}},"loc":{"start":{"line":127,"column":73},"end":{"line":129,"column":1}},"line":127},"4":{"name":"voteFeedPoll","decl":{"start":{"line":134,"column":16},"end":{"line":134,"column":28}},"loc":{"start":{"line":134,"column":92},"end":{"line":136,"column":1}},"line":134}},"branchMap":{"0":{"loc":{"start":{"line":85,"column":24},"end":{"line":85,"column":32}},"type":"default-arg","locations":[{"start":{"line":85,"column":31},"end":{"line":85,"column":32}}],"line":85},"1":{"loc":{"start":{"line":87,"column":2},"end":{"line":89,"column":3}},"type":"if","locations":[{"start":{"line":87,"column":2},"end":{"line":89,"column":3}},{"start":{},"end":{}}],"line":87}},"s":{"0":6,"1":6,"2":1,"3":6,"4":3,"5":0,"6":0,"7":0},"f":{"0":6,"1":3,"2":0,"3":0,"4":0},"b":{"0":[3],"1":[1,5]},"_coverageSchema":"1a1c01bbd47fc00a2c39e90264f33305004495a9","hash":"c4db0df97132060179c035d6b14c7dd72bcb814d"}
,"C:\\platforms\\htdocs\\staging\\mobile\\lib\\api\\gamification.ts": {"path":"C:\\platforms\\htdocs\\staging\\mobile\\lib\\api\\gamification.ts","statementMap":{"0":{"start":{"line":56,"column":2},"end":{"line":56,"column":82}},"1":{"start":{"line":64,"column":2},"end":{"line":64,"column":69}},"2":{"start":{"line":76,"column":2},"end":{"line":76,"column":88}}},"fnMap":{"0":{"name":"getGamificationProfile","decl":{"start":{"line":55,"column":16},"end":{"line":55,"column":38}},"loc":{"start":{"line":55,"column":81},"end":{"line":57,"column":1}},"line":55},"1":{"name":"getBadges","decl":{"start":{"line":63,"column":16},"end":{"line":63,"column":25}},"loc":{"start":{"line":63,"column":56},"end":{"line":65,"column":1}},"line":63},"2":{"name":"getLeaderboard","decl":{"start":{"line":73,"column":16},"end":{"line":73,"column":30}},"loc":{"start":{"line":75,"column":32},"end":{"line":77,"column":1}},"line":75}},"branchMap":{"0":{"loc":{"start":{"line":74,"column":2},"end":{"line":74,"column":55}},"type":"default-arg","locations":[{"start":{"line":74,"column":46},"end":{"line":74,"column":55}}],"line":74}},"s":{"0":2,"1":1,"2":3},"f":{"0":2,"1":1,"2":3},"b":{"0":[1]},"_coverageSchema":"1a1c01bbd47fc00a2c39e90264f33305004495a9","hash":"1657af560f54e0eee47f0fe8cf71202e6e6b92ec"}
,"C:\\platforms\\htdocs\\staging\\mobile\\lib\\api\\goals.ts": {"path":"C:\\platforms\\htdocs\\staging\\mobile\\lib\\api\\goals.ts","statementMap":{"0":{"start":{"line":39,"column":41},"end":{"line":39,"column":43}},"1":{"start":{"line":40,"column":2},"end":{"line":40,"column":40}},"2":{"start":{"line":40,"column":14},"end":{"line":40,"column":40}},"3":{"start":{"line":41,"column":2},"end":{"line":41,"column":59}},"4":{"start":{"line":54,"column":2},"end":{"line":54,"column":59}},"5":{"start":{"line":65,"column":2},"end":{"line":65,"column":72}}},"fnMap":{"0":{"name":"getGoals","decl":{"start":{"line":38,"column":16},"end":{"line":38,"column":24}},"loc":{"start":{"line":38,"column":72},"end":{"line":42,"column":1}},"line":38},"1":{"name":"createGoal","decl":{"start":{"line":48,"column":16},"end":{"line":48,"column":26}},"loc":{"start":{"line":53,"column":28},"end":{"line":55,"column":1}},"line":53},"2":{"name":"updateGoalStatus","decl":{"start":{"line":61,"column":16},"end":{"line":61,"column":32}},"loc":{"start":{"line":64,"column":27},"end":{"line":66,"column":1}},"line":64}},"branchMap":{"0":{"loc":{"start":{"line":40,"column":2},"end":{"line":40,"column":40}},"type":"if","locations":[{"start":{"line":40,"column":2},"end":{"line":40,"column":40}},{"start":{},"end":{}}],"line":40}},"s":{"0":4,"1":4,"2":1,"3":4,"4":2,"5":2},"f":{"0":4,"1":2,"2":2},"b":{"0":[1,3]},"_coverageSchema":"1a1c01bbd47fc00a2c39e90264f33305004495a9","hash":"74e846017ed9fdee0d27cf8418a3720a2166bd28"}
,"C:\\platforms\\htdocs\\staging\\mobile\\lib\\api\\groups.ts": {"path":"C:\\platforms\\htdocs\\staging\\mobile\\lib\\api\\groups.ts","statementMap":{"0":{"start":{"line":51,"column":40},"end":{"line":51,"column":58}},"1":{"start":{"line":52,"column":2},"end":{"line":52,"column":39}},"2":{"start":{"line":52,"column":14},"end":{"line":52,"column":39}},"3":{"start":{"line":53,"column":2},"end":{"line":53,"column":54}},"4":{"start":{"line":53,"column":22},"end":{"line":53,"column":54}},"5":{"start":{"line":54,"column":2},"end":{"line":54,"column":66}},"6":{"start":{"line":54,"column":26},"end":{"line":54,"column":66}},"7":{"start":{"line":55,"column":2},"end":{"line":55,"column":60}},"8":{"start":{"line":62,"column":2},"end":{"line":62,"column":66}},"9":{"start":{"line":69,"column":2},"end":{"line":69,"column":74}},"10":{"start":{"line":76,"column":2},"end":{"line":76,"column":63}}},"fnMap":{"0":{"name":"getGroups","decl":{"start":{"line":47,"column":16},"end":{"line":47,"column":25}},"loc":{"start":{"line":50,"column":27},"end":{"line":56,"column":1}},"line":50},"1":{"name":"getGroup","decl":{"start":{"line":61,"column":16},"end":{"line":61,"column":24}},"loc":{"start":{"line":61,"column":69},"end":{"line":63,"column":1}},"line":61},"2":{"name":"joinGroup","decl":{"start":{"line":68,"column":16},"end":{"line":68,"column":25}},"loc":{"start":{"line":68,"column":68},"end":{"line":70,"column":1}},"line":68},"3":{"name":"leaveGroup","decl":{"start":{"line":75,"column":16},"end":{"line":75,"column":26}},"loc":{"start":{"line":75,"column":54},"end":{"line":77,"column":1}},"line":75}},"branchMap":{"0":{"loc":{"start":{"line":52,"column":2},"end":{"line":52,"column":39}},"type":"if","locations":[{"start":{"line":52,"column":2},"end":{"line":52,"column":39}},{"start":{},"end":{}}],"line":52},"1":{"loc":{"start":{"line":53,"column":2},"end":{"line":53,"column":54}},"type":"if","locations":[{"start":{"line":53,"column":2},"end":{"line":53,"column":54}},{"start":{},"end":{}}],"line":53},"2":{"loc":{"start":{"line":54,"column":2},"end":{"line":54,"column":66}},"type":"if","locations":[{"start":{"line":54,"column":2},"end":{"line":54,"column":66}},{"start":{},"end":{}}],"line":54}},"s":{"0":6,"1":6,"2":2,"3":6,"4":2,"5":6,"6":2,"7":6,"8":1,"9":1,"10":1},"f":{"0":6,"1":1,"2":1,"3":1},"b":{"0":[2,4],"1":[2,4],"2":[2,4]},"_coverageSchema":"1a1c01bbd47fc00a2c39e90264f33305004495a9","hash":"d671a97dd517629cab45aa181d15cb90f14124a5"}
,"C:\\platforms\\htdocs\\staging\\mobile\\lib\\api\\members.ts": {"path":"C:\\platforms\\htdocs\\staging\\mobile\\lib\\api\\members.ts","statementMap":{"0":{"start":{"line":44,"column":41},"end":{"line":44,"column":67}},"1":{"start":{"line":45,"column":2},"end":{"line":45,"column":37}},"2":{"start":{"line":45,"column":14},"end":{"line":45,"column":37}},"3":{"start":{"line":46,"column":2},"end":{"line":46,"column":64}},"4":{"start":{"line":51,"column":2},"end":{"line":51,"column":60}}},"fnMap":{"0":{"name":"getMembers","decl":{"start":{"line":40,"column":16},"end":{"line":40,"column":26}},"loc":{"start":{"line":43,"column":31},"end":{"line":47,"column":1}},"line":43},"1":{"name":"getMember","decl":{"start":{"line":50,"column":16},"end":{"line":50,"column":25}},"loc":{"start":{"line":50,"column":65},"end":{"line":52,"column":1}},"line":50}},"branchMap":{"0":{"loc":{"start":{"line":41,"column":2},"end":{"line":41,"column":12}},"type":"default-arg","locations":[{"start":{"line":41,"column":11},"end":{"line":41,"column":12}}],"line":41},"1":{"loc":{"start":{"line":45,"column":2},"end":{"line":45,"column":37}},"type":"if","locations":[{"start":{"line":45,"column":2},"end":{"line":45,"column":37}},{"start":{},"end":{}}],"line":45}},"s":{"0":7,"1":7,"2":2,"3":7,"4":2},"f":{"0":7,"1":2},"b":{"0":[3],"1":[2,5]},"_coverageSchema":"1a1c01bbd47fc00a2c39e90264f33305004495a9","hash":"ffc79ec4466aaaaf84fc873444c53c8b2c1fd01c"}
,"C:\\platforms\\htdocs\\staging\\mobile\\lib\\api\\messages.ts": {"path":"C:\\platforms\\htdocs\\staging\\mobile\\lib\\api\\messages.ts","statementMap":{"0":{"start":{"line":17,"column":2},"end":{"line":17,"column":30}},"1":{"start":{"line":17,"column":13},"end":{"line":17,"column":30}},"2":{"start":{"line":18,"column":2},"end":{"line":18,"column":34}},"3":{"start":{"line":18,"column":17},"end":{"line":18,"column":34}},"4":{"start":{"line":19,"column":2},"end":{"line":19,"column":60}},"5":{"start":{"line":19,"column":30},"end":{"line":19,"column":60}},"6":{"start":{"line":20,"column":16},"end":{"line":20,"column":37}},"7":{"start":{"line":21,"column":15},"end":{"line":21,"column":35}},"8":{"start":{"line":22,"column":15},"end":{"line":22,"column":40}},"9":{"start":{"line":23,"column":2},"end":{"line":23,"column":27}},"10":{"start":{"line":100,"column":41},"end":{"line":100,"column":43}},"11":{"start":{"line":101,"column":2},"end":{"line":101,"column":37}},"12":{"start":{"line":101,"column":14},"end":{"line":101,"column":37}},"13":{"start":{"line":102,"column":2},"end":{"line":102,"column":73}},"14":{"start":{"line":107,"column":41},"end":{"line":107,"column":43}},"15":{"start":{"line":108,"column":2},"end":{"line":108,"column":37}},"16":{"start":{"line":108,"column":14},"end":{"line":108,"column":37}},"17":{"start":{"line":109,"column":2},"end":{"line":109,"column":83}},"18":{"start":{"line":118,"column":2},"end":{"line":130,"column":3}},"19":{"start":{"line":119,"column":4},"end":{"line":119,"column":40}},"20":{"start":{"line":122,"column":19},"end":{"line":122,"column":55}},"21":{"start":{"line":123,"column":4},"end":{"line":128,"column":5}},"22":{"start":{"line":124,"column":6},"end":{"line":127,"column":8}},"23":{"start":{"line":129,"column":4},"end":{"line":129,"column":14}},"24":{"start":{"line":135,"column":2},"end":{"line":135,"column":74}},"25":{"start":{"line":140,"column":2},"end":{"line":140,"column":96}}},"fnMap":{"0":{"name":"displayName","decl":{"start":{"line":11,"column":16},"end":{"line":11,"column":27}},"loc":{"start":{"line":16,"column":30},"end":{"line":24,"column":1}},"line":16},"1":{"name":"getConversations","decl":{"start":{"line":99,"column":16},"end":{"line":99,"column":32}},"loc":{"start":{"line":99,"column":92},"end":{"line":103,"column":1}},"line":99},"2":{"name":"getThread","decl":{"start":{"line":106,"column":16},"end":{"line":106,"column":25}},"loc":{"start":{"line":106,"column":101},"end":{"line":110,"column":1}},"line":106},"3":{"name":"getOrCreateThread","decl":{"start":{"line":117,"column":22},"end":{"line":117,"column":39}},"loc":{"start":{"line":117,"column":91},"end":{"line":131,"column":1}},"line":117},"4":{"name":"deleteConversation","decl":{"start":{"line":134,"column":16},"end":{"line":134,"column":34}},"loc":{"start":{"line":134,"column":74},"end":{"line":136,"column":1}},"line":134},"5":{"name":"sendMessage","decl":{"start":{"line":139,"column":16},"end":{"line":139,"column":27}},"loc":{"start":{"line":139,"column":91},"end":{"line":141,"column":1}},"line":139}},"branchMap":{"0":{"loc":{"start":{"line":17,"column":2},"end":{"line":17,"column":30}},"type":"if","locations":[{"start":{"line":17,"column":2},"end":{"line":17,"column":30}},{"start":{},"end":{}}],"line":17},"1":{"loc":{"start":{"line":18,"column":2},"end":{"line":18,"column":34}},"type":"if","locations":[{"start":{"line":18,"column":2},"end":{"line":18,"column":34}},{"start":{},"end":{}}],"line":18},"2":{"loc":{"start":{"line":19,"column":2},"end":{"line":19,"column":60}},"type":"if","locations":[{"start":{"line":19,"column":2},"end":{"line":19,"column":60}},{"start":{},"end":{}}],"line":19},"3":{"loc":{"start":{"line":20,"column":16},"end":{"line":20,"column":37}},"type":"binary-expr","locations":[{"start":{"line":20,"column":16},"end":{"line":20,"column":31}},{"start":{"line":20,"column":35},"end":{"line":20,"column":37}}],"line":20},"4":{"loc":{"start":{"line":21,"column":15},"end":{"line":21,"column":35}},"type":"binary-expr","locations":[{"start":{"line":21,"column":15},"end":{"line":21,"column":29}},{"start":{"line":21,"column":33},"end":{"line":21,"column":35}}],"line":21},"5":{"loc":{"start":{"line":23,"column":9},"end":{"line":23,"column":26}},"type":"binary-expr","locations":[{"start":{"line":23,"column":9},"end":{"line":23,"column":13}},{"start":{"line":23,"column":17},"end":{"line":23,"column":26}}],"line":23},"6":{"loc":{"start":{"line":101,"column":2},"end":{"line":101,"column":37}},"type":"if","locations":[{"start":{"line":101,"column":2},"end":{"line":101,"column":37}},{"start":{},"end":{}}],"line":101},"7":{"loc":{"start":{"line":108,"column":2},"end":{"line":108,"column":37}},"type":"if","locations":[{"start":{"line":108,"column":2},"end":{"line":108,"column":37}},{"start":{},"end":{}}],"line":108},"8":{"loc":{"start":{"line":123,"column":4},"end":{"line":128,"column":5}},"type":"if","locations":[{"start":{"line":123,"column":4},"end":{"line":128,"column":5}},{"start":{},"end":{}}],"line":123}},"s":{"0":0,"1":0,"2":0,"3":0,"4":0,"5":0,"6":0,"7":0,"8":0,"9":0,"10":4,"11":4,"12":1,"13":4,"14":5,"15":5,"16":1,"17":5,"18":3,"19":3,"20":2,"21":2,"22":1,"23":1,"24":0,"25":2},"f":{"0":0,"1":4,"2":5,"3":3,"4":0,"5":2},"b":{"0":[0,0],"1":[0,0],"2":[0,0],"3":[0,0],"4":[0,0],"5":[0,0],"6":[1,3],"7":[1,4],"8":[1,1]},"_coverageSchema":"1a1c01bbd47fc00a2c39e90264f33305004495a9","hash":"38c9b60e1fcb71dd6b627e4f600da7cccae1597b"}
,"C:\\platforms\\htdocs\\staging\\mobile\\lib\\api\\notifications.ts": {"path":"C:\\platforms\\htdocs\\staging\\mobile\\lib\\api\\notifications.ts","statementMap":{"0":{"start":{"line":51,"column":41},"end":{"line":51,"column":59}},"1":{"start":{"line":52,"column":2},"end":{"line":52,"column":37}},"2":{"start":{"line":52,"column":14},"end":{"line":52,"column":37}},"3":{"start":{"line":53,"column":2},"end":{"line":53,"column":78}},"4":{"start":{"line":58,"column":2},"end":{"line":58,"column":81}},"5":{"start":{"line":63,"column":2},"end":{"line":63,"column":62}},"6":{"start":{"line":68,"column":2},"end":{"line":68,"column":60}}},"fnMap":{"0":{"name":"getNotifications","decl":{"start":{"line":50,"column":16},"end":{"line":50,"column":32}},"loc":{"start":{"line":50,"column":92},"end":{"line":54,"column":1}},"line":50},"1":{"name":"getNotificationCounts","decl":{"start":{"line":57,"column":16},"end":{"line":57,"column":37}},"loc":{"start":{"line":57,"column":79},"end":{"line":59,"column":1}},"line":57},"2":{"name":"markRead","decl":{"start":{"line":62,"column":16},"end":{"line":62,"column":24}},"loc":{"start":{"line":62,"column":52},"end":{"line":64,"column":1}},"line":62},"3":{"name":"markAllRead","decl":{"start":{"line":67,"column":16},"end":{"line":67,"column":27}},"loc":{"start":{"line":67,"column":45},"end":{"line":69,"column":1}},"line":67}},"branchMap":{"0":{"loc":{"start":{"line":52,"column":2},"end":{"line":52,"column":37}},"type":"if","locations":[{"start":{"line":52,"column":2},"end":{"line":52,"column":37}},{"start":{},"end":{}}],"line":52}},"s":{"0":5,"1":5,"2":1,"3":5,"4":2,"5":2,"6":1},"f":{"0":5,"1":2,"2":2,"3":1},"b":{"0":[1,4]},"_coverageSchema":"1a1c01bbd47fc00a2c39e90264f33305004495a9","hash":"1d6b9c409572bd2847cee93a7cf3444923ca6ae7"}
,"C:\\platforms\\htdocs\\staging\\mobile\\lib\\api\\organisations.ts": {"path":"C:\\platforms\\htdocs\\staging\\mobile\\lib\\api\\organisations.ts","statementMap":{"0":{"start":{"line":38,"column":2},"end":{"line":41,"column":5}},"1":{"start":{"line":48,"column":2},"end":{"line":48,"column":87}}},"fnMap":{"0":{"name":"getOrganisations","decl":{"start":{"line":34,"column":16},"end":{"line":34,"column":32}},"loc":{"start":{"line":37,"column":34},"end":{"line":42,"column":1}},"line":37},"1":{"name":"getOrganisation","decl":{"start":{"line":47,"column":16},"end":{"line":47,"column":31}},"loc":{"start":{"line":47,"column":77},"end":{"line":49,"column":1}},"line":47}},"branchMap":{"0":{"loc":{"start":{"line":39,"column":8},"end":{"line":39,"column":32}},"type":"cond-expr","locations":[{"start":{"line":39,"column":17},"end":{"line":39,"column":27}},{"start":{"line":39,"column":30},"end":{"line":39,"column":32}}],"line":39},"1":{"loc":{"start":{"line":40,"column":8},"end":{"line":40,"column":32}},"type":"cond-expr","locations":[{"start":{"line":40,"column":17},"end":{"line":40,"column":27}},{"start":{"line":40,"column":30},"end":{"line":40,"column":32}}],"line":40}},"s":{"0":6,"1":1},"f":{"0":6,"1":1},"b":{"0":[2,4],"1":[2,4]},"_coverageSchema":"1a1c01bbd47fc00a2c39e90264f33305004495a9","hash":"2c1f3f690c92bf5b9a16482906b9686ee2c55aab"}
,"C:\\platforms\\htdocs\\staging\\mobile\\lib\\api\\profile.ts": {"path":"C:\\platforms\\htdocs\\staging\\mobile\\lib\\api\\profile.ts","statementMap":{"0":{"start":{"line":23,"column":2},"end":{"line":23,"column":64}},"1":{"start":{"line":36,"column":2},"end":{"line":36,"column":64}},"2":{"start":{"line":46,"column":19},"end":{"line":46,"column":33}},"3":{"start":{"line":47,"column":19},"end":{"line":47,"column":55}},"4":{"start":{"line":48,"column":16},"end":{"line":48,"column":41}},"5":{"start":{"line":49,"column":15},"end":{"line":49,"column":57}},"6":{"start":{"line":51,"column":2},"end":{"line":51,"column":78}},"7":{"start":{"line":53,"column":2},"end":{"line":53,"column":93}}},"fnMap":{"0":{"name":"updateProfile","decl":{"start":{"line":22,"column":16},"end":{"line":22,"column":29}},"loc":{"start":{"line":22,"column":86},"end":{"line":24,"column":1}},"line":22},"1":{"name":"updatePassword","decl":{"start":{"line":35,"column":16},"end":{"line":35,"column":30}},"loc":{"start":{"line":35,"column":78},"end":{"line":37,"column":1}},"line":35},"2":{"name":"updateAvatar","decl":{"start":{"line":45,"column":16},"end":{"line":45,"column":28}},"loc":{"start":{"line":45,"column":85},"end":{"line":54,"column":1}},"line":45}},"branchMap":{"0":{"loc":{"start":{"line":47,"column":19},"end":{"line":47,"column":55}},"type":"binary-expr","locations":[{"start":{"line":47,"column":19},"end":{"line":47,"column":39}},{"start":{"line":47,"column":43},"end":{"line":47,"column":55}}],"line":47},"1":{"loc":{"start":{"line":49,"column":15},"end":{"line":49,"column":57}},"type":"cond-expr","locations":[{"start":{"line":49,"column":23},"end":{"line":49,"column":42}},{"start":{"line":49,"column":45},"end":{"line":49,"column":57}}],"line":49}},"s":{"0":3,"1":2,"2":5,"3":5,"4":5,"5":5,"6":5,"7":5},"f":{"0":3,"1":2,"2":5},"b":{"0":[5,0],"1":[5,0]},"_coverageSchema":"1a1c01bbd47fc00a2c39e90264f33305004495a9","hash":"74f7bc49f7167f568dcf1855e1a1578fc875be4d"}
,"C:\\platforms\\htdocs\\staging\\mobile\\lib\\api\\search.ts": {"path":"C:\\platforms\\htdocs\\staging\\mobile\\lib\\api\\search.ts","statementMap":{"0":{"start":{"line":40,"column":19},"end":{"line":45,"column":4}},"1":{"start":{"line":46,"column":2},"end":{"line":49,"column":4}}},"fnMap":{"0":{"name":"search","decl":{"start":{"line":35,"column":22},"end":{"line":35,"column":28}},"loc":{"start":{"line":39,"column":27},"end":{"line":50,"column":1}},"line":39}},"branchMap":{"0":{"loc":{"start":{"line":43,"column":8},"end":{"line":43,"column":32}},"type":"cond-expr","locations":[{"start":{"line":43,"column":17},"end":{"line":43,"column":27}},{"start":{"line":43,"column":30},"end":{"line":43,"column":32}}],"line":43},"1":{"loc":{"start":{"line":44,"column":8},"end":{"line":44,"column":28}},"type":"cond-expr","locations":[{"start":{"line":44,"column":15},"end":{"line":44,"column":23}},{"start":{"line":44,"column":26},"end":{"line":44,"column":28}}],"line":44},"2":{"loc":{"start":{"line":47,"column":10},"end":{"line":47,"column":60}},"type":"cond-expr","locations":[{"start":{"line":47,"column":42},"end":{"line":47,"column":55}},{"start":{"line":47,"column":58},"end":{"line":47,"column":60}}],"line":47},"3":{"loc":{"start":{"line":48,"column":10},"end":{"line":48,"column":71}},"type":"binary-expr","locations":[{"start":{"line":48,"column":10},"end":{"line":48,"column":24}},{"start":{"line":48,"column":28},"end":{"line":48,"column":71}}],"line":48}},"s":{"0":6,"1":6},"f":{"0":6},"b":{"0":[2,4],"1":[2,4],"2":[6,0],"3":[6,0]},"_coverageSchema":"1a1c01bbd47fc00a2c39e90264f33305004495a9","hash":"52ca9681ddb851c0cec4af066fbf36c8b7aad6da"}
,"C:\\platforms\\htdocs\\staging\\mobile\\lib\\api\\volunteering.ts": {"path":"C:\\platforms\\htdocs\\staging\\mobile\\lib\\api\\volunteering.ts","statementMap":{"0":{"start":{"line":47,"column":2},"end":{"line":50,"column":5}},"1":{"start":{"line":57,"column":2},"end":{"line":57,"column":95}},"2":{"start":{"line":64,"column":2},"end":{"line":64,"column":95}}},"fnMap":{"0":{"name":"getOpportunities","decl":{"start":{"line":43,"column":16},"end":{"line":43,"column":32}},"loc":{"start":{"line":46,"column":33},"end":{"line":51,"column":1}},"line":46},"1":{"name":"getOpportunity","decl":{"start":{"line":56,"column":16},"end":{"line":56,"column":30}},"loc":{"start":{"line":56,"column":84},"end":{"line":58,"column":1}},"line":56},"2":{"name":"expressInterest","decl":{"start":{"line":63,"column":16},"end":{"line":63,"column":31}},"loc":{"start":{"line":63,"column":74},"end":{"line":65,"column":1}},"line":63}},"branchMap":{"0":{"loc":{"start":{"line":48,"column":8},"end":{"line":48,"column":32}},"type":"cond-expr","locations":[{"start":{"line":48,"column":17},"end":{"line":48,"column":27}},{"start":{"line":48,"column":30},"end":{"line":48,"column":32}}],"line":48},"1":{"loc":{"start":{"line":49,"column":8},"end":{"line":49,"column":32}},"type":"cond-expr","locations":[{"start":{"line":49,"column":17},"end":{"line":49,"column":27}},{"start":{"line":49,"column":30},"end":{"line":49,"column":32}}],"line":49}},"s":{"0":6,"1":1,"2":1},"f":{"0":6,"1":1,"2":1},"b":{"0":[2,4],"1":[2,4]},"_coverageSchema":"1a1c01bbd47fc00a2c39e90264f33305004495a9","hash":"5f86e5964ddc549217997d086107841dbabc93c4"}
,"C:\\platforms\\htdocs\\staging\\mobile\\lib\\api\\wallet.ts": {"path":"C:\\platforms\\htdocs\\staging\\mobile\\lib\\api\\wallet.ts","statementMap":{"0":{"start":{"line":62,"column":2},"end":{"line":62,"column":68}},"1":{"start":{"line":78,"column":41},"end":{"line":81,"column":3}},"2":{"start":{"line":82,"column":2},"end":{"line":84,"column":3}},"3":{"start":{"line":83,"column":4},"end":{"line":83,"column":27}},"4":{"start":{"line":85,"column":2},"end":{"line":85,"column":86}}},"fnMap":{"0":{"name":"getWalletBalance","decl":{"start":{"line":61,"column":16},"end":{"line":61,"column":32}},"loc":{"start":{"line":61,"column":67},"end":{"line":63,"column":1}},"line":61},"1":{"name":"getWalletTransactions","decl":{"start":{"line":73,"column":16},"end":{"line":73,"column":37}},"loc":{"start":{"line":77,"column":39},"end":{"line":86,"column":1}},"line":77}},"branchMap":{"0":{"loc":{"start":{"line":75,"column":2},"end":{"line":75,"column":14}},"type":"default-arg","locations":[{"start":{"line":75,"column":12},"end":{"line":75,"column":14}}],"line":75},"1":{"loc":{"start":{"line":76,"column":2},"end":{"line":76,"column":43}},"type":"default-arg","locations":[{"start":{"line":76,"column":38},"end":{"line":76,"column":43}}],"line":76},"2":{"loc":{"start":{"line":82,"column":2},"end":{"line":84,"column":3}},"type":"if","locations":[{"start":{"line":82,"column":2},"end":{"line":84,"column":3}},{"start":{},"end":{}}],"line":82}},"s":{"0":2,"1":7,"2":7,"3":2,"4":7},"f":{"0":2,"1":7},"b":{"0":[4],"1":[4],"2":[2,5]},"_coverageSchema":"1a1c01bbd47fc00a2c39e90264f33305004495a9","hash":"f1ff791c8ecd301514a167a728aabc308ca7e6db"}
}
