TN:
SF:lib\api\auth.ts
FN:74,login
FN:83,register
FN:88,logout
FN:93,getMe
FN:98,refreshToken
FN:106,extractToken
FN:115,buildDisplayName
FNF:7
FNH:2
FNDA:0,login
FNDA:0,register
FNDA:0,logout
FNDA:0,getMe
FNDA:0,refreshToken
FNDA:4,extractToken
FNDA:4,buildDisplayName
DA:75,0
DA:84,0
DA:89,0
DA:94,0
DA:99,0
DA:107,4
DA:108,4
DA:109,2
DA:111,2
DA:116,4
DA:117,4
LF:11
LH:6
BRDA:107,0,0,4
BRDA:107,0,1,2
BRDA:108,1,0,2
BRDA:108,1,1,2
BRDA:117,2,0,3
BRDA:117,2,1,1
BRF:6
BRH:6
end_of_record
TN:
SF:lib\api\blog.ts
FN:41,getBlogPosts
FN:55,getBlogPost
FNF:2
FNH:2
FNDA:6,getBlogPosts
FNDA:1,getBlogPost
DA:45,6
DA:56,1
LF:2
LH:2
BRDA:46,0,0,2
BRDA:46,0,1,4
BRDA:47,1,0,2
BRDA:47,1,1,4
BRF:4
BRH:4
end_of_record
TN:
SF:lib\api\chat.ts
FN:33,sendChatMessage
FN:47,getChatHistory
FNF:2
FNH:2
FNDA:3,sendChatMessage
FNDA:2,getChatHistory
DA:37,3
DA:48,2
LF:2
LH:2
BRF:0
BRH:0
end_of_record
TN:
SF:lib\api\endorsements.ts
FN:46,getUserEndorsements
FN:58,getMySkills
FN:65,endorseSkill
FN:79,addSkill
FN:86,removeSkill
FN:93,getAvailableSkills
FNF:6
FNH:6
FNDA:4,getUserEndorsements
FNDA:1,getMySkills
FNDA:2,endorseSkill
FNDA:1,addSkill
FNDA:2,removeSkill
FNDA:1,getAvailableSkills
DA:50,4
DA:51,4
DA:52,4
DA:59,1
DA:70,2
DA:80,1
DA:87,2
DA:94,1
LF:8
LH:8
BRDA:51,0,0,1
BRDA:51,0,1,3
BRF:2
BRH:2
end_of_record
TN:
SF:lib\api\events.ts
FN:61,getEvents
FN:83,rsvpEvent
FN:93,removeRsvp
FN:100,getEvent
FNF:4
FNH:4
FNDA:6,getEvents
FNDA:2,rsvpEvent
FNDA:2,removeRsvp
FNDA:1,getEvent
DA:66,6
DA:70,6
DA:71,6
DA:87,2
DA:94,2
DA:101,1
LF:6
LH:6
BRDA:62,0,0,2
BRDA:64,1,0,5
BRDA:70,2,0,1
BRDA:70,2,1,5
BRF:4
BRH:4
end_of_record
TN:
SF:lib\api\exchanges.ts
FN:52,getExchanges
FN:63,getExchange
FN:68,createExchange
FN:73,updateExchange
FN:81,deleteExchange
FNF:5
FNH:5
FNDA:5,getExchanges
FNDA:1,getExchange
FNDA:2,createExchange
FNDA:1,updateExchange
FNDA:2,deleteExchange
DA:56,5
DA:64,1
DA:69,2
DA:77,1
DA:82,2
LF:5
LH:5
BRDA:53,0,0,2
BRDA:57,1,0,2
BRDA:57,1,1,3
BRF:3
BRH:3
end_of_record
TN:
SF:lib\api\federation.ts
FN:38,getFederationPartners
FN:47,getFederationStats
FN:54,getFederationPartner
FNF:3
FNH:3
FNDA:5,getFederationPartners
FNDA:2,getFederationStats
FNDA:1,getFederationPartner
DA:39,5
DA:40,5
DA:41,5
DA:48,2
DA:55,1
LF:5
LH:5
BRDA:40,0,0,1
BRDA:40,0,1,4
BRF:2
BRH:2
end_of_record
TN:
SF:lib\api\feed.ts
FN:85,getFeed
FN:103,toggleLike
FN:117,toggleBookmark
FN:127,getFeedPoll
FN:134,voteFeedPoll
FNF:5
FNH:2
FNDA:6,getFeed
FNDA:3,toggleLike
FNDA:0,toggleBookmark
FNDA:0,getFeedPoll
FNDA:0,voteFeedPoll
DA:86,6
DA:87,6
DA:88,1
DA:90,6
DA:104,3
DA:118,0
DA:128,0
DA:135,0
LF:8
LH:5
BRDA:85,0,0,3
BRDA:87,1,0,1
BRDA:87,1,1,5
BRF:3
BRH:3
end_of_record
TN:
SF:lib\api\gamification.ts
FN:55,getGamificationProfile
FN:63,getBadges
FN:73,getLeaderboard
FNF:3
FNH:3
FNDA:2,getGamificationProfile
FNDA:1,getBadges
FNDA:3,getLeaderboard
DA:56,2
DA:64,1
DA:76,3
LF:3
LH:3
BRDA:74,0,0,1
BRF:1
BRH:1
end_of_record
TN:
SF:lib\api\goals.ts
FN:38,getGoals
FN:48,createGoal
FN:61,updateGoalStatus
FNF:3
FNH:3
FNDA:4,getGoals
FNDA:2,createGoal
FNDA:2,updateGoalStatus
DA:39,4
DA:40,4
DA:41,4
DA:54,2
DA:65,2
LF:5
LH:5
BRDA:40,0,0,1
BRDA:40,0,1,3
BRF:2
BRH:2
end_of_record
TN:
SF:lib\api\groups.ts
FN:47,getGroups
FN:61,getGroup
FN:68,joinGroup
FN:75,leaveGroup
FNF:4
FNH:4
FNDA:6,getGroups
FNDA:1,getGroup
FNDA:1,joinGroup
FNDA:1,leaveGroup
DA:51,6
DA:52,6
DA:53,6
DA:54,6
DA:55,6
DA:62,1
DA:69,1
DA:76,1
LF:8
LH:8
BRDA:52,0,0,2
BRDA:52,0,1,4
BRDA:53,1,0,2
BRDA:53,1,1,4
BRDA:54,2,0,2
BRDA:54,2,1,4
BRF:6
BRH:6
end_of_record
TN:
SF:lib\api\members.ts
FN:40,getMembers
FN:50,getMember
FNF:2
FNH:2
FNDA:7,getMembers
FNDA:2,getMember
DA:44,7
DA:45,7
DA:46,7
DA:51,2
LF:4
LH:4
BRDA:41,0,0,3
BRDA:45,1,0,2
BRDA:45,1,1,5
BRF:3
BRH:3
end_of_record
TN:
SF:lib\api\messages.ts
FN:11,displayName
FN:99,getConversations
FN:106,getThread
FN:117,getOrCreateThread
FN:134,deleteConversation
FN:139,sendMessage
FNF:6
FNH:4
FNDA:0,displayName
FNDA:4,getConversations
FNDA:5,getThread
FNDA:3,getOrCreateThread
FNDA:0,deleteConversation
FNDA:2,sendMessage
DA:17,0
DA:18,0
DA:19,0
DA:20,0
DA:21,0
DA:22,0
DA:23,0
DA:100,4
DA:101,4
DA:102,4
DA:107,5
DA:108,5
DA:109,5
DA:118,3
DA:119,3
DA:122,2
DA:123,2
DA:124,1
DA:129,1
DA:135,0
DA:140,2
LF:21
LH:13
BRDA:17,0,0,0
BRDA:17,0,1,0
BRDA:18,1,0,0
BRDA:18,1,1,0
BRDA:19,2,0,0
BRDA:19,2,1,0
BRDA:20,3,0,0
BRDA:20,3,1,0
BRDA:21,4,0,0
BRDA:21,4,1,0
BRDA:23,5,0,0
BRDA:23,5,1,0
BRDA:101,6,0,1
BRDA:101,6,1,3
BRDA:108,7,0,1
BRDA:108,7,1,4
BRDA:123,8,0,1
BRDA:123,8,1,1
BRF:18
BRH:6
end_of_record
TN:
SF:lib\api\notifications.ts
FN:50,getNotifications
FN:57,getNotificationCounts
FN:62,markRead
FN:67,markAllRead
FNF:4
FNH:4
FNDA:5,getNotifications
FNDA:2,getNotificationCounts
FNDA:2,markRead
FNDA:1,markAllRead
DA:51,5
DA:52,5
DA:53,5
DA:58,2
DA:63,2
DA:68,1
LF:6
LH:6
BRDA:52,0,0,1
BRDA:52,0,1,4
BRF:2
BRH:2
end_of_record
TN:
SF:lib\api\organisations.ts
FN:34,getOrganisations
FN:47,getOrganisation
FNF:2
FNH:2
FNDA:6,getOrganisations
FNDA:1,getOrganisation
DA:38,6
DA:48,1
LF:2
LH:2
BRDA:39,0,0,2
BRDA:39,0,1,4
BRDA:40,1,0,2
BRDA:40,1,1,4
BRF:4
BRH:4
end_of_record
TN:
SF:lib\api\profile.ts
FN:23,updateProfile
FN:36,updatePassword
FN:44,updateAvatar
FN:58,(anonymous_3)
FNF:4
FNH:3
FNDA:3,updateProfile
FNDA:2,updatePassword
FNDA:5,updateAvatar
FNDA:0,(anonymous_3)
DA:24,3
DA:37,2
DA:45,5
DA:46,5
DA:47,5
DA:48,5
DA:50,5
DA:53,5
DA:54,5
DA:57,5
DA:58,5
DA:61,5
DA:62,5
DA:72,2
DA:73,2
DA:74,1
DA:76,1
DA:78,3
DA:80,3
DA:81,2
DA:82,2
DA:83,2
DA:84,2
DA:86,2
DA:87,2
DA:89,1
LF:26
LH:26
BRDA:46,0,0,5
BRDA:46,0,1,0
BRDA:48,1,0,5
BRDA:48,1,1,0
BRDA:54,2,0,5
BRDA:54,2,1,0
BRDA:73,3,0,1
BRDA:73,3,1,1
BRDA:73,4,0,2
BRDA:73,4,1,2
BRDA:80,5,0,2
BRDA:80,5,1,1
BRDA:84,6,0,1
BRDA:84,6,1,1
BRDA:86,7,0,1
BRDA:86,7,1,1
BRF:16
BRH:13
end_of_record
TN:
SF:lib\api\search.ts
FN:35,search
FNF:1
FNH:1
FNDA:6,search
DA:40,6
DA:46,6
LF:2
LH:2
BRDA:43,0,0,2
BRDA:43,0,1,4
BRDA:44,1,0,2
BRDA:44,1,1,4
BRDA:47,2,0,6
BRDA:47,2,1,0
BRDA:48,3,0,6
BRDA:48,3,1,0
BRF:8
BRH:6
end_of_record
TN:
SF:lib\api\volunteering.ts
FN:43,getOpportunities
FN:56,getOpportunity
FN:63,expressInterest
FNF:3
FNH:3
FNDA:6,getOpportunities
FNDA:1,getOpportunity
FNDA:1,expressInterest
DA:47,6
DA:57,1
DA:64,1
LF:3
LH:3
BRDA:48,0,0,2
BRDA:48,0,1,4
BRDA:49,1,0,2
BRDA:49,1,1,4
BRF:4
BRH:4
end_of_record
TN:
SF:lib\api\wallet.ts
FN:61,getWalletBalance
FN:73,getWalletTransactions
FNF:2
FNH:2
FNDA:2,getWalletBalance
FNDA:7,getWalletTransactions
DA:62,2
DA:78,7
DA:82,7
DA:83,2
DA:85,7
LF:5
LH:5
BRDA:75,0,0,4
BRDA:76,1,0,4
BRDA:82,2,0,2
BRDA:82,2,1,5
BRF:4
BRH:4
end_of_record
